{"/home/datakurre/Työpöytä/SPY/event-calendar/src/lib/Map.svelte": {"path":"/home/datakurre/Työpöytä/SPY/event-calendar/src/lib/Map.svelte","statementMap":{"0":{"start":{"line":15,"column":57},"end":{"line":15,"column":null}},"1":{"start":{"line":18,"column":25},"end":{"line":18,"column":29}},"2":{"start":{"line":19,"column":31},"end":{"line":19,"column":35}},"3":{"start":{"line":21,"column":1},"end":{"line":37,"column":null}},"4":{"start":{"line":22,"column":2},"end":{"line":22,"column":null}},"5":{"start":{"line":24,"column":2},"end":{"line":26,"column":null}},"6":{"start":{"line":28,"column":22},"end":{"line":36,"column":null}},"7":{"start":{"line":29,"column":3},"end":{"line":29,"column":null}},"8":{"start":{"line":30,"column":21},"end":{"line":35,"column":null}},"9":{"start":{"line":31,"column":4},"end":{"line":34,"column":null}},"10":{"start":{"line":32,"column":20},"end":{"line":32,"column":null}},"11":{"start":{"line":33,"column":19},"end":{"line":33,"column":null}},"12":{"start":{"line":39,"column":1},"end":{"line":43,"column":null}},"13":{"start":{"line":40,"column":6},"end":{"line":42,"column":null}},"14":{"start":{"line":41,"column":3},"end":{"line":41,"column":null}},"15":{"start":{"line":45,"column":1},"end":{"line":49,"column":null}},"16":{"start":{"line":46,"column":6},"end":{"line":48,"column":null}},"17":{"start":{"line":47,"column":3},"end":{"line":47,"column":null}},"18":{"start":{"line":51,"column":1},"end":{"line":68,"column":null}},"19":{"start":{"line":52,"column":6},"end":{"line":67,"column":null}},"20":{"start":{"line":53,"column":26},"end":{"line":66,"column":null}},"21":{"start":{"line":54,"column":4},"end":{"line":54,"column":null}},"22":{"start":{"line":55,"column":22},"end":{"line":60,"column":null}},"23":{"start":{"line":56,"column":5},"end":{"line":59,"column":null}},"24":{"start":{"line":57,"column":21},"end":{"line":57,"column":null}},"25":{"start":{"line":58,"column":20},"end":{"line":58,"column":null}},"26":{"start":{"line":61,"column":4},"end":{"line":66,"column":null}},"27":{"start":{"line":62,"column":4},"end":{"line":62,"column":null}},"28":{"start":{"line":63,"column":4},"end":{"line":66,"column":null}},"29":{"start":{"line":64,"column":4},"end":{"line":64,"column":null}},"30":{"start":{"line":65,"column":4},"end":{"line":65,"column":null}},"31":{"start":{"line":71,"column":16},"end":{"line":71,"column":44}},"32":{"start":{"line":71,"column":16},"end":{"line":71,"column":26}},"33":{"start":{"line":71,"column":44},"end":{"line":71,"column":null}}},"fnMap":{"0":{"name":"(anonymous_0)","decl":{"start":{"line":21,"column":8},"end":{"line":21,"column":15}},"loc":{"start":{"line":21,"column":15},"end":{"line":37,"column":2}},"line":21},"1":{"name":"(anonymous_1)","decl":{"start":{"line":31,"column":23},"end":{"line":31,"column":26}},"loc":{"start":{"line":31,"column":32},"end":{"line":34,"column":5}},"line":31},"2":{"name":"(anonymous_2)","decl":{"start":{"line":39,"column":10},"end":{"line":39,"column":17}},"loc":{"start":{"line":39,"column":17},"end":{"line":43,"column":2}},"line":39},"3":{"name":"(anonymous_3)","decl":{"start":{"line":45,"column":8},"end":{"line":45,"column":15}},"loc":{"start":{"line":45,"column":15},"end":{"line":49,"column":2}},"line":45},"4":{"name":"(anonymous_4)","decl":{"start":{"line":51,"column":8},"end":{"line":51,"column":15}},"loc":{"start":{"line":51,"column":15},"end":{"line":68,"column":2}},"line":51},"5":{"name":"(anonymous_5)","decl":{"start":{"line":56,"column":24},"end":{"line":56,"column":27}},"loc":{"start":{"line":56,"column":33},"end":{"line":59,"column":6}},"line":56},"6":{"name":"(anonymous_6)","decl":{"start":{"line":71,"column":16},"end":{"line":71,"column":26}},"loc":{"start":{"line":71,"column":16},"end":{"line":71,"column":44}},"line":71},"7":{"name":"(anonymous_7)","decl":{"start":{"line":71,"column":26},"end":{"line":71,"column":44}},"loc":{"start":{"line":71,"column":16},"end":{"line":71,"column":26}},"line":71},"8":{"name":"(anonymous_8)","decl":{"start":{"line":71,"column":44},"end":{"line":71,"column":50}},"loc":{"start":{"line":71,"column":44},"end":{"line":71,"column":null}},"line":71}},"branchMap":{"0":{"loc":{"start":{"line":28,"column":22},"end":{"line":36,"column":null}},"type":"if","locations":[{"start":{"line":28,"column":22},"end":{"line":36,"column":null}},{"start":{},"end":{}}],"line":28},"1":{"loc":{"start":{"line":30,"column":21},"end":{"line":35,"column":null}},"type":"if","locations":[{"start":{"line":30,"column":21},"end":{"line":35,"column":null}},{"start":{},"end":{}}],"line":30},"2":{"loc":{"start":{"line":40,"column":6},"end":{"line":42,"column":null}},"type":"if","locations":[{"start":{"line":40,"column":6},"end":{"line":42,"column":null}},{"start":{},"end":{}}],"line":40},"3":{"loc":{"start":{"line":46,"column":6},"end":{"line":48,"column":null}},"type":"if","locations":[{"start":{"line":46,"column":6},"end":{"line":48,"column":null}},{"start":{},"end":{}}],"line":46},"4":{"loc":{"start":{"line":46,"column":6},"end":{"line":46,"column":21}},"type":"binary-expr","locations":[{"start":{"line":46,"column":6},"end":{"line":46,"column":9}},{"start":{"line":46,"column":9},"end":{"line":46,"column":21}}],"line":46},"5":{"loc":{"start":{"line":52,"column":6},"end":{"line":67,"column":null}},"type":"if","locations":[{"start":{"line":52,"column":6},"end":{"line":67,"column":null}},{"start":{},"end":{}}],"line":52},"6":{"loc":{"start":{"line":53,"column":26},"end":{"line":66,"column":null}},"type":"if","locations":[{"start":{"line":53,"column":26},"end":{"line":66,"column":null}},{"start":{"line":61,"column":4},"end":{"line":66,"column":null}}],"line":53},"7":{"loc":{"start":{"line":53,"column":26},"end":{"line":53,"column":32}},"type":"binary-expr","locations":[{"start":{"line":53,"column":26},"end":{"line":53,"column":32}},{"start":{"line":53,"column":26},"end":{"line":53,"column":32}}],"line":53},"8":{"loc":{"start":{"line":55,"column":22},"end":{"line":60,"column":null}},"type":"if","locations":[{"start":{"line":55,"column":22},"end":{"line":60,"column":null}},{"start":{},"end":{}}],"line":55},"9":{"loc":{"start":{"line":61,"column":4},"end":{"line":66,"column":null}},"type":"if","locations":[{"start":{"line":61,"column":4},"end":{"line":66,"column":null}},{"start":{"line":63,"column":4},"end":{"line":66,"column":null}}],"line":61},"10":{"loc":{"start":{"line":61,"column":4},"end":{"line":61,"column":38}},"type":"binary-expr","locations":[{"start":{"line":61,"column":4},"end":{"line":61,"column":32}},{"start":{"line":61,"column":32},"end":{"line":61,"column":38}}],"line":61},"11":{"loc":{"start":{"line":63,"column":4},"end":{"line":66,"column":null}},"type":"if","locations":[{"start":{"line":63,"column":4},"end":{"line":66,"column":null}},{"start":{},"end":{}}],"line":63},"12":{"loc":{"start":{"line":63,"column":4},"end":{"line":63,"column":39}},"type":"binary-expr","locations":[{"start":{"line":63,"column":4},"end":{"line":63,"column":33}},{"start":{"line":63,"column":33},"end":{"line":63,"column":39}}],"line":63},"13":{"loc":{"start":{"line":71,"column":44},"end":{"line":71,"column":null}},"type":"binary-expr","locations":[{"start":{"line":71,"column":44},"end":{"line":71,"column":null}},{"start":{"line":71,"column":50},"end":{"line":71,"column":null}}],"line":71}},"s":{"0":4,"1":4,"2":4,"3":4,"4":4,"5":4,"6":4,"7":2,"8":2,"9":1,"10":0,"11":0,"12":4,"13":4,"14":4,"15":4,"16":4,"17":4,"18":4,"19":4,"20":4,"21":0,"22":0,"23":0,"24":0,"25":0,"26":4,"27":2,"28":2,"29":0,"30":0,"31":8,"32":8,"33":4},"f":{"0":4,"1":0,"2":4,"3":4,"4":4,"5":0,"6":8,"7":8,"8":4},"b":{"0":[2,2],"1":[1,1],"2":[4,0],"3":[4,0],"4":[4,4],"5":[4,0],"6":[0,4],"7":[4,2],"8":[0,0],"9":[2,2],"10":[4,2],"11":[0,2],"12":[2,2],"13":[4,0]},"meta":{"lastBranch":0,"lastFunction":0,"lastStatement":0,"seen":{}}}
,"/home/datakurre/Työpöytä/SPY/event-calendar/src/lib/auth.ts": {"path":"/home/datakurre/Työpöytä/SPY/event-calendar/src/lib/auth.ts","statementMap":{"0":{"start":{"line":4,"column":13},"end":{"line":4,"column":null}},"1":{"start":{"line":6,"column":0},"end":{"line":8,"column":null}},"2":{"start":{"line":7,"column":1},"end":{"line":7,"column":null}},"3":{"start":{"line":11,"column":1},"end":{"line":11,"column":null}},"4":{"start":{"line":15,"column":1},"end":{"line":15,"column":null}}},"fnMap":{"0":{"name":"(anonymous_0)","decl":{"start":{"line":6,"column":22},"end":{"line":6,"column":28}},"loc":{"start":{"line":6,"column":28},"end":{"line":8,"column":1}},"line":6},"1":{"name":"login","decl":{"start":{"line":10,"column":22},"end":{"line":10,"column":30}},"loc":{"start":{"line":10,"column":30},"end":{"line":12,"column":null}},"line":10},"2":{"name":"logout","decl":{"start":{"line":14,"column":16},"end":{"line":14,"column":25}},"loc":{"start":{"line":14,"column":25},"end":{"line":16,"column":null}},"line":14}},"branchMap":{},"s":{"0":1,"1":1,"2":0,"3":1,"4":1},"f":{"0":0,"1":1,"2":1},"b":{},"meta":{"lastBranch":0,"lastFunction":3,"lastStatement":5,"seen":{"s:4:13:4:Infinity":0,"s:6:0:8:Infinity":1,"f:6:22:6:28":0,"s:7:1:7:Infinity":2,"f:10:22:10:30":1,"s:11:1:11:Infinity":3,"f:14:16:14:25":2,"s:15:1:15:Infinity":4}}}
,"/home/datakurre/Työpöytä/SPY/event-calendar/src/lib/date-utils.ts": {"path":"/home/datakurre/Työpöytä/SPY/event-calendar/src/lib/date-utils.ts","statementMap":{"0":{"start":{"line":11,"column":14},"end":{"line":11,"column":null}},"1":{"start":{"line":12,"column":15},"end":{"line":12,"column":null}},"2":{"start":{"line":13,"column":17},"end":{"line":13,"column":null}},"3":{"start":{"line":16,"column":1},"end":{"line":18,"column":null}},"4":{"start":{"line":17,"column":2},"end":{"line":17,"column":null}},"5":{"start":{"line":19,"column":18},"end":{"line":19,"column":null}},"6":{"start":{"line":20,"column":1},"end":{"line":20,"column":null}},"7":{"start":{"line":23,"column":1},"end":{"line":25,"column":null}},"8":{"start":{"line":24,"column":2},"end":{"line":24,"column":null}},"9":{"start":{"line":26,"column":16},"end":{"line":26,"column":null}},"10":{"start":{"line":27,"column":1},"end":{"line":27,"column":null}},"11":{"start":{"line":30,"column":1},"end":{"line":30,"column":null}},"12":{"start":{"line":38,"column":22},"end":{"line":38,"column":null}},"13":{"start":{"line":39,"column":1},"end":{"line":39,"column":null}},"14":{"start":{"line":46,"column":14},"end":{"line":46,"column":null}},"15":{"start":{"line":48,"column":22},"end":{"line":48,"column":null}},"16":{"start":{"line":51,"column":13},"end":{"line":51,"column":null}},"17":{"start":{"line":52,"column":15},"end":{"line":52,"column":null}},"18":{"start":{"line":53,"column":14},"end":{"line":53,"column":null}},"19":{"start":{"line":54,"column":17},"end":{"line":54,"column":null}},"20":{"start":{"line":56,"column":1},"end":{"line":64,"column":null}},"21":{"start":{"line":57,"column":2},"end":{"line":57,"column":null}},"22":{"start":{"line":60,"column":16},"end":{"line":60,"column":null}},"23":{"start":{"line":61,"column":18},"end":{"line":61,"column":null}},"24":{"start":{"line":62,"column":18},"end":{"line":62,"column":null}},"25":{"start":{"line":63,"column":2},"end":{"line":63,"column":null}},"26":{"start":{"line":73,"column":22},"end":{"line":75,"column":null}},"27":{"start":{"line":77,"column":1},"end":{"line":77,"column":null}},"28":{"start":{"line":86,"column":22},"end":{"line":88,"column":null}},"29":{"start":{"line":89,"column":1},"end":{"line":89,"column":null}},"30":{"start":{"line":96,"column":14},"end":{"line":96,"column":null}},"31":{"start":{"line":98,"column":27},"end":{"line":105,"column":null}},"32":{"start":{"line":106,"column":15},"end":{"line":106,"column":null}},"33":{"start":{"line":107,"column":14},"end":{"line":107,"column":null}},"34":{"start":{"line":107,"column":32},"end":{"line":107,"column":49}},"35":{"start":{"line":108,"column":15},"end":{"line":108,"column":null}},"36":{"start":{"line":108,"column":33},"end":{"line":108,"column":51}},"37":{"start":{"line":109,"column":13},"end":{"line":109,"column":null}},"38":{"start":{"line":109,"column":31},"end":{"line":109,"column":47}},"39":{"start":{"line":110,"column":14},"end":{"line":110,"column":null}},"40":{"start":{"line":110,"column":32},"end":{"line":110,"column":49}},"41":{"start":{"line":111,"column":16},"end":{"line":111,"column":null}},"42":{"start":{"line":111,"column":34},"end":{"line":111,"column":53}},"43":{"start":{"line":112,"column":1},"end":{"line":112,"column":null}},"44":{"start":{"line":119,"column":14},"end":{"line":119,"column":null}},"45":{"start":{"line":120,"column":27},"end":{"line":125,"column":null}},"46":{"start":{"line":126,"column":15},"end":{"line":126,"column":null}},"47":{"start":{"line":127,"column":14},"end":{"line":127,"column":null}},"48":{"start":{"line":127,"column":32},"end":{"line":127,"column":49}},"49":{"start":{"line":128,"column":15},"end":{"line":128,"column":null}},"50":{"start":{"line":128,"column":33},"end":{"line":128,"column":51}},"51":{"start":{"line":129,"column":13},"end":{"line":129,"column":null}},"52":{"start":{"line":129,"column":31},"end":{"line":129,"column":47}},"53":{"start":{"line":130,"column":1},"end":{"line":130,"column":null}},"54":{"start":{"line":138,"column":27},"end":{"line":143,"column":null}},"55":{"start":{"line":144,"column":15},"end":{"line":144,"column":null}},"56":{"start":{"line":145,"column":14},"end":{"line":145,"column":null}},"57":{"start":{"line":145,"column":32},"end":{"line":145,"column":49}},"58":{"start":{"line":146,"column":15},"end":{"line":146,"column":null}},"59":{"start":{"line":146,"column":33},"end":{"line":146,"column":51}},"60":{"start":{"line":147,"column":13},"end":{"line":147,"column":null}},"61":{"start":{"line":147,"column":31},"end":{"line":147,"column":47}},"62":{"start":{"line":148,"column":1},"end":{"line":148,"column":null}}},"fnMap":{"0":{"name":"getHelsinkiOffset","decl":{"start":{"line":8,"column":9},"end":{"line":8,"column":27}},"loc":{"start":{"line":8,"column":47},"end":{"line":31,"column":null}},"line":8},"1":{"name":"parseUTCDate","decl":{"start":{"line":36,"column":16},"end":{"line":36,"column":29}},"loc":{"start":{"line":36,"column":54},"end":{"line":40,"column":null}},"line":36},"2":{"name":"formatDateInHelsinki","decl":{"start":{"line":45,"column":16},"end":{"line":45,"column":37}},"loc":{"start":{"line":45,"column":89},"end":{"line":65,"column":null}},"line":45},"3":{"name":"localDateToUTC","decl":{"start":{"line":71,"column":16},"end":{"line":71,"column":31}},"loc":{"start":{"line":71,"column":64},"end":{"line":78,"column":null}},"line":71},"4":{"name":"localDateTimeToUTC","decl":{"start":{"line":84,"column":16},"end":{"line":84,"column":35}},"loc":{"start":{"line":84,"column":72},"end":{"line":90,"column":null}},"line":84},"5":{"name":"utcToHelsinkiDateTimeLocal","decl":{"start":{"line":95,"column":16},"end":{"line":95,"column":43}},"loc":{"start":{"line":95,"column":70},"end":{"line":113,"column":null}},"line":95},"6":{"name":"(anonymous_6)","decl":{"start":{"line":107,"column":25},"end":{"line":107,"column":26}},"loc":{"start":{"line":107,"column":32},"end":{"line":107,"column":49}},"line":107},"7":{"name":"(anonymous_7)","decl":{"start":{"line":108,"column":26},"end":{"line":108,"column":27}},"loc":{"start":{"line":108,"column":33},"end":{"line":108,"column":51}},"line":108},"8":{"name":"(anonymous_8)","decl":{"start":{"line":109,"column":24},"end":{"line":109,"column":25}},"loc":{"start":{"line":109,"column":31},"end":{"line":109,"column":47}},"line":109},"9":{"name":"(anonymous_9)","decl":{"start":{"line":110,"column":25},"end":{"line":110,"column":26}},"loc":{"start":{"line":110,"column":32},"end":{"line":110,"column":49}},"line":110},"10":{"name":"(anonymous_10)","decl":{"start":{"line":111,"column":27},"end":{"line":111,"column":28}},"loc":{"start":{"line":111,"column":34},"end":{"line":111,"column":53}},"line":111},"11":{"name":"utcToHelsinkiDate","decl":{"start":{"line":118,"column":16},"end":{"line":118,"column":34}},"loc":{"start":{"line":118,"column":61},"end":{"line":131,"column":null}},"line":118},"12":{"name":"(anonymous_12)","decl":{"start":{"line":127,"column":25},"end":{"line":127,"column":26}},"loc":{"start":{"line":127,"column":32},"end":{"line":127,"column":49}},"line":127},"13":{"name":"(anonymous_13)","decl":{"start":{"line":128,"column":26},"end":{"line":128,"column":27}},"loc":{"start":{"line":128,"column":33},"end":{"line":128,"column":51}},"line":128},"14":{"name":"(anonymous_14)","decl":{"start":{"line":129,"column":24},"end":{"line":129,"column":25}},"loc":{"start":{"line":129,"column":31},"end":{"line":129,"column":47}},"line":129},"15":{"name":"dateToHelsinkiDateString","decl":{"start":{"line":137,"column":16},"end":{"line":137,"column":41}},"loc":{"start":{"line":137,"column":61},"end":{"line":149,"column":null}},"line":137},"16":{"name":"(anonymous_16)","decl":{"start":{"line":145,"column":25},"end":{"line":145,"column":26}},"loc":{"start":{"line":145,"column":32},"end":{"line":145,"column":49}},"line":145},"17":{"name":"(anonymous_17)","decl":{"start":{"line":146,"column":26},"end":{"line":146,"column":27}},"loc":{"start":{"line":146,"column":33},"end":{"line":146,"column":51}},"line":146},"18":{"name":"(anonymous_18)","decl":{"start":{"line":147,"column":24},"end":{"line":147,"column":25}},"loc":{"start":{"line":147,"column":31},"end":{"line":147,"column":47}},"line":147}},"branchMap":{"0":{"loc":{"start":{"line":30,"column":8},"end":{"line":30,"column":null}},"type":"cond-expr","locations":[{"start":{"line":30,"column":44},"end":{"line":30,"column":55}},{"start":{"line":30,"column":55},"end":{"line":30,"column":null}}],"line":30},"1":{"loc":{"start":{"line":30,"column":8},"end":{"line":30,"column":44}},"type":"binary-expr","locations":[{"start":{"line":30,"column":8},"end":{"line":30,"column":28}},{"start":{"line":30,"column":28},"end":{"line":30,"column":44}}],"line":30},"2":{"loc":{"start":{"line":38,"column":22},"end":{"line":38,"column":null}},"type":"cond-expr","locations":[{"start":{"line":38,"column":48},"end":{"line":38,"column":60}},{"start":{"line":38,"column":60},"end":{"line":38,"column":null}}],"line":38},"3":{"loc":{"start":{"line":45,"column":56},"end":{"line":45,"column":89}},"type":"default-arg","locations":[{"start":{"line":45,"column":74},"end":{"line":45,"column":89}}],"line":45},"4":{"loc":{"start":{"line":56,"column":1},"end":{"line":64,"column":null}},"type":"if","locations":[{"start":{"line":56,"column":1},"end":{"line":64,"column":null}},{"start":{"line":58,"column":8},"end":{"line":64,"column":null}}],"line":56}},"s":{"0":4,"1":4,"2":4,"3":4,"4":0,"5":4,"6":4,"7":4,"8":16,"9":4,"10":4,"11":4,"12":5,"13":5,"14":3,"15":3,"16":3,"17":3,"18":3,"19":3,"20":3,"21":1,"22":2,"23":2,"24":2,"25":2,"26":2,"27":2,"28":2,"29":2,"30":0,"31":0,"32":0,"33":0,"34":0,"35":0,"36":0,"37":0,"38":0,"39":0,"40":0,"41":0,"42":0,"43":0,"44":0,"45":0,"46":0,"47":0,"48":0,"49":0,"50":0,"51":0,"52":0,"53":0,"54":2,"55":2,"56":2,"57":2,"58":2,"59":6,"60":2,"61":10,"62":2},"f":{"0":4,"1":5,"2":3,"3":2,"4":2,"5":0,"6":0,"7":0,"8":0,"9":0,"10":0,"11":0,"12":0,"13":0,"14":0,"15":2,"16":2,"17":6,"18":10},"b":{"0":[2,2],"1":[4,2],"2":[4,1],"3":[3],"4":[1,2]},"meta":{"lastBranch":5,"lastFunction":19,"lastStatement":63,"seen":{"f:8:9:8:27":0,"s:11:14:11:Infinity":0,"s:12:15:12:Infinity":1,"s:13:17:13:Infinity":2,"s:16:1:18:Infinity":3,"s:17:2:17:Infinity":4,"s:19:18:19:Infinity":5,"s:20:1:20:Infinity":6,"s:23:1:25:Infinity":7,"s:24:2:24:Infinity":8,"s:26:16:26:Infinity":9,"s:27:1:27:Infinity":10,"s:30:1:30:Infinity":11,"b:30:44:30:55:30:55:30:Infinity":0,"b:30:8:30:28:30:28:30:44":1,"f:36:16:36:29":1,"s:38:22:38:Infinity":12,"b:38:48:38:60:38:60:38:Infinity":2,"s:39:1:39:Infinity":13,"f:45:16:45:37":2,"b:45:74:45:89":3,"s:46:14:46:Infinity":14,"s:48:22:48:Infinity":15,"s:51:13:51:Infinity":16,"s:52:15:52:Infinity":17,"s:53:14:53:Infinity":18,"s:54:17:54:Infinity":19,"b:56:1:64:Infinity:58:8:64:Infinity":4,"s:56:1:64:Infinity":20,"s:57:2:57:Infinity":21,"s:60:16:60:Infinity":22,"s:61:18:61:Infinity":23,"s:62:18:62:Infinity":24,"s:63:2:63:Infinity":25,"f:71:16:71:31":3,"s:73:22:75:Infinity":26,"s:77:1:77:Infinity":27,"f:84:16:84:35":4,"s:86:22:88:Infinity":28,"s:89:1:89:Infinity":29,"f:95:16:95:43":5,"s:96:14:96:Infinity":30,"s:98:27:105:Infinity":31,"s:106:15:106:Infinity":32,"s:107:14:107:Infinity":33,"f:107:25:107:26":6,"s:107:32:107:49":34,"s:108:15:108:Infinity":35,"f:108:26:108:27":7,"s:108:33:108:51":36,"s:109:13:109:Infinity":37,"f:109:24:109:25":8,"s:109:31:109:47":38,"s:110:14:110:Infinity":39,"f:110:25:110:26":9,"s:110:32:110:49":40,"s:111:16:111:Infinity":41,"f:111:27:111:28":10,"s:111:34:111:53":42,"s:112:1:112:Infinity":43,"f:118:16:118:34":11,"s:119:14:119:Infinity":44,"s:120:27:125:Infinity":45,"s:126:15:126:Infinity":46,"s:127:14:127:Infinity":47,"f:127:25:127:26":12,"s:127:32:127:49":48,"s:128:15:128:Infinity":49,"f:128:26:128:27":13,"s:128:33:128:51":50,"s:129:13:129:Infinity":51,"f:129:24:129:25":14,"s:129:31:129:47":52,"s:130:1:130:Infinity":53,"f:137:16:137:41":15,"s:138:27:143:Infinity":54,"s:144:15:144:Infinity":55,"s:145:14:145:Infinity":56,"f:145:25:145:26":16,"s:145:32:145:49":57,"s:146:15:146:Infinity":58,"f:146:26:146:27":17,"s:146:33:146:51":59,"s:147:13:147:Infinity":60,"f:147:24:147:25":18,"s:147:31:147:47":61,"s:148:1:148:Infinity":62}}}
,"/home/datakurre/Työpöytä/SPY/event-calendar/src/lib/geocode.ts": {"path":"/home/datakurre/Työpöytä/SPY/event-calendar/src/lib/geocode.ts","statementMap":{"0":{"start":{"line":6,"column":27},"end":{"line":6,"column":null}},"1":{"start":{"line":7,"column":19},"end":{"line":7,"column":null}},"2":{"start":{"line":10,"column":22},"end":{"line":10,"column":null}},"3":{"start":{"line":11,"column":21},"end":{"line":11,"column":null}},"4":{"start":{"line":20,"column":1},"end":{"line":20,"column":null}},"5":{"start":{"line":20,"column":33},"end":{"line":20,"column":56}},"6":{"start":{"line":24,"column":13},"end":{"line":24,"column":null}},"7":{"start":{"line":25,"column":23},"end":{"line":25,"column":null}},"8":{"start":{"line":26,"column":1},"end":{"line":28,"column":null}},"9":{"start":{"line":27,"column":2},"end":{"line":27,"column":null}},"10":{"start":{"line":29,"column":1},"end":{"line":29,"column":null}},"11":{"start":{"line":31,"column":18},"end":{"line":36,"column":null}},"12":{"start":{"line":38,"column":1},"end":{"line":40,"column":null}},"13":{"start":{"line":39,"column":2},"end":{"line":39,"column":null}},"14":{"start":{"line":42,"column":1},"end":{"line":42,"column":null}},"15":{"start":{"line":49,"column":1},"end":{"line":49,"column":null}},"16":{"start":{"line":49,"column":23},"end":{"line":49,"column":null}},"17":{"start":{"line":51,"column":1},"end":{"line":61,"column":null}},"18":{"start":{"line":52,"column":14},"end":{"line":52,"column":null}},"19":{"start":{"line":53,"column":15},"end":{"line":53,"column":null}},"20":{"start":{"line":55,"column":2},"end":{"line":58,"column":null}},"21":{"start":{"line":56,"column":18},"end":{"line":56,"column":null}},"22":{"start":{"line":57,"column":3},"end":{"line":57,"column":null}},"23":{"start":{"line":60,"column":2},"end":{"line":60,"column":null}},"24":{"start":{"line":63,"column":1},"end":{"line":63,"column":null}},"25":{"start":{"line":70,"column":1},"end":{"line":79,"column":null}},"26":{"start":{"line":71,"column":14},"end":{"line":71,"column":null}},"27":{"start":{"line":72,"column":15},"end":{"line":72,"column":null}},"28":{"start":{"line":74,"column":2},"end":{"line":76,"column":null}},"29":{"start":{"line":75,"column":3},"end":{"line":75,"column":null}},"30":{"start":{"line":78,"column":2},"end":{"line":78,"column":null}},"31":{"start":{"line":81,"column":1},"end":{"line":81,"column":null}}},"fnMap":{"0":{"name":"delay","decl":{"start":{"line":19,"column":15},"end":{"line":19,"column":21}},"loc":{"start":{"line":19,"column":33},"end":{"line":21,"column":null}},"line":19},"1":{"name":"(anonymous_1)","decl":{"start":{"line":20,"column":20},"end":{"line":20,"column":21}},"loc":{"start":{"line":20,"column":33},"end":{"line":20,"column":56}},"line":20},"2":{"name":"makeRequest","decl":{"start":{"line":23,"column":15},"end":{"line":23,"column":27}},"loc":{"start":{"line":23,"column":86},"end":{"line":43,"column":null}},"line":23},"3":{"name":"geocodeLocation","decl":{"start":{"line":48,"column":22},"end":{"line":48,"column":38}},"loc":{"start":{"line":48,"column":90},"end":{"line":64,"column":null}},"line":48},"4":{"name":"reverseGeocode","decl":{"start":{"line":69,"column":22},"end":{"line":69,"column":37}},"loc":{"start":{"line":69,"column":87},"end":{"line":82,"column":null}},"line":69}},"branchMap":{"0":{"loc":{"start":{"line":26,"column":1},"end":{"line":28,"column":null}},"type":"if","locations":[{"start":{"line":26,"column":1},"end":{"line":28,"column":null}},{"start":{},"end":{}}],"line":26},"1":{"loc":{"start":{"line":38,"column":1},"end":{"line":40,"column":null}},"type":"if","locations":[{"start":{"line":38,"column":1},"end":{"line":40,"column":null}},{"start":{},"end":{}}],"line":38},"2":{"loc":{"start":{"line":49,"column":1},"end":{"line":49,"column":null}},"type":"if","locations":[{"start":{"line":49,"column":1},"end":{"line":49,"column":null}},{"start":{},"end":{}}],"line":49},"3":{"loc":{"start":{"line":55,"column":2},"end":{"line":58,"column":null}},"type":"if","locations":[{"start":{"line":55,"column":2},"end":{"line":58,"column":null}},{"start":{},"end":{}}],"line":55},"4":{"loc":{"start":{"line":55,"column":6},"end":{"line":55,"column":46}},"type":"binary-expr","locations":[{"start":{"line":55,"column":6},"end":{"line":55,"column":29}},{"start":{"line":55,"column":29},"end":{"line":55,"column":46}}],"line":55},"5":{"loc":{"start":{"line":74,"column":2},"end":{"line":76,"column":null}},"type":"if","locations":[{"start":{"line":74,"column":2},"end":{"line":76,"column":null}},{"start":{},"end":{}}],"line":74},"6":{"loc":{"start":{"line":74,"column":6},"end":{"line":74,"column":49}},"type":"binary-expr","locations":[{"start":{"line":74,"column":6},"end":{"line":74,"column":30}},{"start":{"line":74,"column":30},"end":{"line":74,"column":49}}],"line":74}},"s":{"0":1,"1":1,"2":1,"3":1,"4":6,"5":6,"6":7,"7":7,"8":7,"9":6,"10":7,"11":7,"12":6,"13":2,"14":4,"15":5,"16":1,"17":4,"18":4,"19":4,"20":2,"21":1,"22":1,"23":2,"24":3,"25":3,"26":3,"27":3,"28":2,"29":1,"30":1,"31":2},"f":{"0":6,"1":6,"2":7,"3":5,"4":3},"b":{"0":[6,1],"1":[2,4],"2":[1,4],"3":[1,1],"4":[2,2],"5":[1,1],"6":[2,2]},"meta":{"lastBranch":7,"lastFunction":5,"lastStatement":32,"seen":{"s:6:27:6:Infinity":0,"s:7:19:7:Infinity":1,"s:10:22:10:Infinity":2,"s:11:21:11:Infinity":3,"f:19:15:19:21":0,"s:20:1:20:Infinity":4,"f:20:20:20:21":1,"s:20:33:20:56":5,"f:23:15:23:27":2,"s:24:13:24:Infinity":6,"s:25:23:25:Infinity":7,"b:26:1:28:Infinity:undefined:undefined:undefined:undefined":0,"s:26:1:28:Infinity":8,"s:27:2:27:Infinity":9,"s:29:1:29:Infinity":10,"s:31:18:36:Infinity":11,"b:38:1:40:Infinity:undefined:undefined:undefined:undefined":1,"s:38:1:40:Infinity":12,"s:39:2:39:Infinity":13,"s:42:1:42:Infinity":14,"f:48:22:48:38":3,"b:49:1:49:Infinity:undefined:undefined:undefined:undefined":2,"s:49:1:49:Infinity":15,"s:49:23:49:Infinity":16,"s:51:1:61:Infinity":17,"s:52:14:52:Infinity":18,"s:53:15:53:Infinity":19,"b:55:2:58:Infinity:undefined:undefined:undefined:undefined":3,"s:55:2:58:Infinity":20,"b:55:6:55:29:55:29:55:46":4,"s:56:18:56:Infinity":21,"s:57:3:57:Infinity":22,"s:60:2:60:Infinity":23,"s:63:1:63:Infinity":24,"f:69:22:69:37":4,"s:70:1:79:Infinity":25,"s:71:14:71:Infinity":26,"s:72:15:72:Infinity":27,"b:74:2:76:Infinity:undefined:undefined:undefined:undefined":5,"s:74:2:76:Infinity":28,"b:74:6:74:30:74:30:74:49":6,"s:75:3:75:Infinity":29,"s:78:2:78:Infinity":30,"s:81:1:81:Infinity":31}}}
,"/home/datakurre/Työpöytä/SPY/event-calendar/src/routes/Header.svelte": {"path":"/home/datakurre/Työpöytä/SPY/event-calendar/src/routes/Header.svelte","statementMap":{"0":{"start":{"line":18,"column":32},"end":{"line":18,"column":null}},"1":{"start":{"line":21,"column":23},"end":{"line":21,"column":null}},"2":{"start":{"line":21,"column":14},"end":{"line":21,"column":23}},"3":{"start":{"line":21,"column":14},"end":{"line":21,"column":20}},"4":{"start":{"line":28,"column":22},"end":{"line":28,"column":null}},"5":{"start":{"line":28,"column":22},"end":{"line":28,"column":24}},"6":{"start":{"line":28,"column":14},"end":{"line":28,"column":22}},"7":{"start":{"line":28,"column":14},"end":{"line":28,"column":19}},"8":{"start":{"line":16,"column":6},"end":{"line":16,"column":null}},"9":{"start":{"line":16,"column":11},"end":{"line":16,"column":null}},"10":{"start":{"line":11,"column":8},"end":{"line":11,"column":null}},"11":{"start":{"line":13,"column":4},"end":{"line":13,"column":null}}},"fnMap":{"0":{"name":"(anonymous_0)","decl":{"start":{"line":21,"column":23},"end":{"line":21,"column":25}},"loc":{"start":{"line":21,"column":23},"end":{"line":21,"column":null}},"line":21},"1":{"name":"(anonymous_1)","decl":{"start":{"line":21,"column":14},"end":{"line":21,"column":20}},"loc":{"start":{"line":21,"column":14},"end":{"line":21,"column":20}},"line":21},"2":{"name":"(anonymous_2)","decl":{"start":{"line":28,"column":22},"end":{"line":28,"column":24}},"loc":{"start":{"line":28,"column":22},"end":{"line":28,"column":24}},"line":28},"3":{"name":"(anonymous_3)","decl":{"start":{"line":28,"column":14},"end":{"line":28,"column":19}},"loc":{"start":{"line":28,"column":14},"end":{"line":28,"column":19}},"line":28},"4":{"name":"(anonymous_4)","decl":{"start":{"line":11,"column":8},"end":{"line":11,"column":15}},"loc":{"start":{"line":11,"column":8},"end":{"line":11,"column":null}},"line":11},"5":{"name":"(anonymous_5)","decl":{"start":{"line":11,"column":19},"end":{"line":11,"column":null}},"loc":{"start":{"line":13,"column":4},"end":{"line":13,"column":null}},"line":13}},"branchMap":{"0":{"loc":{"start":{"line":16,"column":6},"end":{"line":16,"column":null}},"type":"if","locations":[{"start":{"line":16,"column":6},"end":{"line":16,"column":null}},{"start":{"line":16,"column":11},"end":{"line":16,"column":null}}],"line":16}},"s":{"0":2,"1":2,"2":1,"3":1,"4":3,"5":3,"6":1,"7":1,"8":5,"9":3,"10":5,"11":5},"f":{"0":2,"1":1,"2":6,"3":1,"4":5,"5":5},"b":{"0":[2,3]},"meta":{"lastBranch":1,"lastFunction":6,"lastStatement":12,"seen":{"s:18:32:18:Infinity":0,"f:21:23:21:25":0,"s:21:23:21:Infinity":1,"s:21:14:21:23":2,"f:21:14:21:20":1,"s:21:14:21:20":3,"s:28:22:28:Infinity":4,"f:28:22:28:24":2,"s:28:22:28:24":5,"s:28:14:28:22":6,"f:28:14:28:19":3,"s:28:14:28:19":7,"b:16:6:16:Infinity:16:11:16:Infinity":0,"s:16:6:16:Infinity":8,"s:16:11:16:Infinity":9,"f:11:8:11:15":4,"s:11:8:11:Infinity":10,"f:11:19:11:Infinity":5,"s:13:4:13:Infinity":11}}}
}
